-------------------------------------------------------------------------------
Test set: com.proydesa.examples.ExampleClass2Test
-------------------------------------------------------------------------------
Tests run: 1, Failures: 1, Errors: 0, Skipped: 0, Time elapsed: 0.041 s <<< FAILURE! - in com.proydesa.examples.ExampleClass2Test
agregaContador  Time elapsed: 0.034 s  <<< FAILURE!
org.opentest4j.AssertionFailedError: expected: <20> but was: <30>
	at com.proydesa.examples.ExampleClass2Test.agregaContador(ExampleClass2Test.java:20)

